#
# There is insufficient memory for the Java Runtime Environment to continue.
# Native memory allocation (malloc) failed to allocate 1048576 bytes for AllocateHeap
# Possible reasons:
#   The system is out of physical RAM or swap space
#   The process is running with CompressedOops enabled, and the Java Heap may be blocking the growth of the native heap
# Possible solutions:
#   Reduce memory load on the system
#   Increase physical memory or swap space
#   Check if swap backing store is full
#   Decrease Java heap size (-Xmx/-Xms)
#   Decrease number of Java threads
#   Decrease Java thread stack sizes (-Xss)
#   Set larger code cache with -XX:ReservedCodeCacheSize=
#   JVM is running with Unscaled Compressed Oops mode in which the Java heap is
#     placed in the first 4GB address space. The Java Heap base address is the
#     maximum limit for the native heap growth. Please use -XX:HeapBaseMinAddress
#     to set the Java Heap base and to place the Java Heap above 4GB virtual address.
# This output file may be truncated or incomplete.
#
#  Out of Memory Error (allocation.cpp:44), pid=209620, tid=114644
#
# JRE version:  (21.0.2+13) (build )
# Java VM: Java HotSpot(TM) 64-Bit Server VM (21.0.2+13-LTS-58, mixed mode, sharing, tiered, compressed oops, compressed class ptrs, g1 gc, windows-amd64)
# No core dump will be written. Minidumps are not enabled by default on client versions of Windows
#

---------------  S U M M A R Y ------------

Command Line: -agentlib:jdwp=transport=dt_socket,server=n,suspend=y,address=localhost:63467 --enable-preview -XX:+ShowCodeDetailsInExceptionMessages View

Host: Intel(R) Core(TM) i5-1035G1 CPU @ 1.00GHz, 8 cores, 7G,  Windows 11 , 64 bit Build 22621 (10.0.22621.2506)
Time: Fri Feb 16 21:22:03 2024 India Standard Time elapsed time: 0.021261 seconds (0d 0h 0m 0s)

---------------  T H R E A D  ---------------

Current thread (0x000001e551959470):  JavaThread "Unknown thread" [_thread_in_vm, id=114644, stack(0x000000b4ee700000,0x000000b4ee800000) (1024K)]

Stack: [0x000000b4ee700000,0x000000b4ee800000]
Native frames: (J=compiled Java code, j=interpreted, Vv=VM code, C=native code)
V  [jvm.dll+0x6cade9]
V  [jvm.dll+0x8569c1]
V  [jvm.dll+0x858d2e]
V  [jvm.dll+0x859413]
V  [jvm.dll+0x280e56]
V  [jvm.dll+0xbeb17]
V  [jvm.dll+0x3273b5]
V  [jvm.dll+0x81ef6d]
V  [jvm.dll+0x3bba01]
V  [jvm.dll+0x807928]
V  [jvm.dll+0x44f50e]
V  [jvm.dll+0x450e11]
C  [jli.dll+0x52a3]
C  [ucrtbase.dll+0x29363]
C  [KERNEL32.DLL+0x1257d]
C  [ntdll.dll+0x5aa58]


---------------  P R O C E S S  ---------------

Threads class SMR info:
_java_thread_list=0x00007fff4078bb88, length=0, elements={
}

Java Threads: ( => current thread )
Total: 0

Other Threads:

=>0x000001e551959470 (exited) JavaThread "Unknown thread"    [_thread_in_vm, id=114644, stack(0x000000b4ee700000,0x000000b4ee800000) (1024K)]
Total: 1

Threads with active compile tasks:
Total: 0

VM state: not at safepoint (not fully initialized)

VM Mutex/Monitor currently owned by a thread: None

Heap address: 0x0000000000000000, size: 0 MB, Compressed Oops mode: 32-bit

CDS archive(s) mapped at: [0x0000000000000000-0x0000000000000000-0x0000000000000000), size 0, SharedBaseAddress: 0x0000000800000000, ArchiveRelocationMode: 1.
Narrow klass base: 0x0000000000000000, Narrow klass shift: 0, Narrow klass range: 0x0

GC Precious Log:
 CardTable entry size: 512
 Card Set container configuration: InlinePtr #cards 5 size 8 Array Of Cards #cards 12 size 40 Howl #buckets 4 coarsen threshold 1843 Howl Bitmap #cards 512 size 80 coarsen threshold 460 Card regions per heap region 1 cards per card region 2048

GC Heap History (0 events):
No events

Dll operation events (1 events):
Event: 0.012 Loaded shared library C:\Program Files\Java\jdk-21\bin\java.dll

Deoptimization events (0 events):
No events

Classes loaded (0 events):
No events

Classes unloaded (0 events):
No events

Classes redefined (0 events):
No events

Internal exceptions (0 events):
No events

ZGC Phase Switch (0 events):
No events

VM Operations (0 events):
No events

Events (0 events):
No events


Dynamic libraries:
0x00007ff697540000 - 0x00007ff697550000 	C:\Program Files\Java\jdk-21\bin\java.exe
0x00007fff958b0000 - 0x00007fff95ac7000 	C:\Windows\SYSTEM32\ntdll.dll
0x00007fff94690000 - 0x00007fff94754000 	C:\Windows\System32\KERNEL32.DLL
0x00007fff92de0000 - 0x00007fff93186000 	C:\Windows\System32\KERNELBASE.dll
0x00007fff92bf0000 - 0x00007fff92d01000 	C:\Windows\System32\ucrtbase.dll
0x00007fff8d160000 - 0x00007fff8d17b000 	C:\Program Files\Java\jdk-21\bin\VCRUNTIME140.dll
0x00007fff8d180000 - 0x00007fff8d199000 	C:\Program Files\Java\jdk-21\bin\jli.dll
0x00007fff94a10000 - 0x00007fff94ac3000 	C:\Windows\System32\ADVAPI32.dll
0x00007fff93c00000 - 0x00007fff93ca7000 	C:\Windows\System32\msvcrt.dll
0x00007fff94e70000 - 0x00007fff94f18000 	C:\Windows\System32\sechost.dll
0x00007fff935d0000 - 0x00007fff935f8000 	C:\Windows\System32\bcrypt.dll
0x00007fff93a00000 - 0x00007fff93b17000 	C:\Windows\System32\RPCRT4.dll
0x00007fff947f0000 - 0x00007fff9499e000 	C:\Windows\System32\USER32.dll
0x00007fff92d10000 - 0x00007fff92d36000 	C:\Windows\System32\win32u.dll
0x00007fff7f500000 - 0x00007fff7f793000 	C:\Windows\WinSxS\amd64_microsoft.windows.common-controls_6595b64144ccf1df_6.0.22621.2506_none_270c5ae97388e100\COMCTL32.dll
0x00007fff93600000 - 0x00007fff93629000 	C:\Windows\System32\GDI32.dll
0x00007fff93190000 - 0x00007fff932a8000 	C:\Windows\System32\gdi32full.dll
0x00007fff92d40000 - 0x00007fff92dda000 	C:\Windows\System32\msvcp_win.dll
0x00007fff8c550000 - 0x00007fff8c55a000 	C:\Windows\SYSTEM32\VERSION.dll
0x00007fff94650000 - 0x00007fff94681000 	C:\Windows\System32\IMM32.DLL
0x00007fff8cea0000 - 0x00007fff8ceac000 	C:\Program Files\Java\jdk-21\bin\vcruntime140_1.dll
0x00007fff82e50000 - 0x00007fff82ede000 	C:\Program Files\Java\jdk-21\bin\msvcp140.dll
0x00007fff3fbc0000 - 0x00007fff408d7000 	C:\Program Files\Java\jdk-21\bin\server\jvm.dll
0x00007fff93980000 - 0x00007fff939f1000 	C:\Windows\System32\WS2_32.dll
0x00007fff92ac0000 - 0x00007fff92b0d000 	C:\Windows\SYSTEM32\POWRPROF.dll
0x00007fff8d8d0000 - 0x00007fff8d904000 	C:\Windows\SYSTEM32\WINMM.dll
0x00007fff92aa0000 - 0x00007fff92ab3000 	C:\Windows\SYSTEM32\UMPDC.dll
0x00007fff91b80000 - 0x00007fff91b98000 	C:\Windows\SYSTEM32\kernel.appcore.dll
0x00007fff8ce90000 - 0x00007fff8ce9a000 	C:\Program Files\Java\jdk-21\bin\jimage.dll
0x00007fff90550000 - 0x00007fff90783000 	C:\Windows\SYSTEM32\DBGHELP.DLL
0x00007fff94ad0000 - 0x00007fff94e59000 	C:\Windows\System32\combase.dll
0x00007fff93b20000 - 0x00007fff93bf7000 	C:\Windows\System32\OLEAUT32.dll
0x00007fff78bd0000 - 0x00007fff78c02000 	C:\Windows\SYSTEM32\dbgcore.DLL
0x00007fff93370000 - 0x00007fff933ea000 	C:\Windows\System32\bcryptPrimitives.dll
0x00007fff82e10000 - 0x00007fff82e4c000 	C:\Program Files\Java\jdk-21\bin\jdwp.dll
0x00007fff8ce70000 - 0x00007fff8ce8f000 	C:\Program Files\Java\jdk-21\bin\java.dll

dbghelp: loaded successfully - version: 4.0.5 - missing functions: none
symbol engine: initialized successfully - sym options: 0x614 - pdb path: .;C:\Program Files\Java\jdk-21\bin;C:\Windows\SYSTEM32;C:\Windows\WinSxS\amd64_microsoft.windows.common-controls_6595b64144ccf1df_6.0.22621.2506_none_270c5ae97388e100;C:\Program Files\Java\jdk-21\bin\server

VM Arguments:
jvm_args: -agentlib:jdwp=transport=dt_socket,server=n,suspend=y,address=localhost:63467 --enable-preview -XX:+ShowCodeDetailsInExceptionMessages 
java_command: View
java_class_path (initial): C:\Users\Hxtreme\Desktop\CONSOLE\WASTE_MANAGEMENT_SYSTEM\bin;c:\Program Files (x86)\MySQL\Connector J 8.0\mysql-connector-j-8.0.33.jar
Launcher Type: SUN_STANDARD

[Global flags]
     intx CICompilerCount                          = 4                                         {product} {ergonomic}
     uint ConcGCThreads                            = 2                                         {product} {ergonomic}
     uint G1ConcRefinementThreads                  = 8                                         {product} {ergonomic}
   size_t G1HeapRegionSize                         = 1048576                                   {product} {ergonomic}
    uintx GCDrainStackTargetSize                   = 64                                        {product} {ergonomic}
   size_t InitialHeapSize                          = 132120576                                 {product} {ergonomic}
   size_t MarkStackSize                            = 4194304                                   {product} {ergonomic}
   size_t MaxHeapSize                              = 2097152000                                {product} {ergonomic}
   size_t MinHeapDeltaBytes                        = 1048576                                   {product} {ergonomic}
   size_t MinHeapSize                              = 8388608                                   {product} {ergonomic}
    uintx NonNMethodCodeHeapSize                   = 5839372                                {pd product} {ergonomic}
    uintx NonProfiledCodeHeapSize                  = 122909434                              {pd product} {ergonomic}
    uintx ProfiledCodeHeapSize                     = 122909434                              {pd product} {ergonomic}
    uintx ReservedCodeCacheSize                    = 251658240                              {pd product} {ergonomic}
     bool SegmentedCodeCache                       = true                                      {product} {ergonomic}
     bool ShowCodeDetailsInExceptionMessages       = true                                   {manageable} {command line}
   size_t SoftMaxHeapSize                          = 2097152000                             {manageable} {ergonomic}
     bool UseCompressedOops                        = true                           {product lp64_product} {ergonomic}
     bool UseG1GC                                  = true                                      {product} {ergonomic}
     bool UseLargePagesIndividualAllocation        = false                                  {pd product} {ergonomic}

Logging:
Log output configuration:
 #0: stdout all=warning uptime,level,tags foldmultilines=false
 #1: stderr all=off uptime,level,tags foldmultilines=false

Environment Variables:
PATH=C:\Program Files\Common Files\Oracle\Java\javapath;C:\Windows\system32;C:\Windows;C:\Windows\System32\Wbem;C:\Windows\System32\WindowsPowerShell\v1.0\;C:\Windows\System32\OpenSSH\;C:\Program Files\Intel\WiFi\bin\;C:\Program Files\Common Files\Intel\WirelessCommon\;C:\Program Files\MySQL\MySQL Shell 8.0\bin\;C:\Users\Hxtreme\AppData\Local\Microsoft\WindowsApps;C:\Users\Hxtreme\AppData\Local\Programs\Microsoft VS Code\bin
USERNAME=Hxtreme
LANG=en_US.UTF-8
OS=Windows_NT
PROCESSOR_IDENTIFIER=Intel64 Family 6 Model 126 Stepping 5, GenuineIntel
TMP=C:\Users\Hxtreme\AppData\Local\Temp
TEMP=C:\Users\Hxtreme\AppData\Local\Temp




Periodic native trim disabled

---------------  S Y S T E M  ---------------

OS:
 Windows 11 , 64 bit Build 22621 (10.0.22621.2506)
OS uptime: 8 days 1:36 hours
Hyper-V role detected

CPU: total 8 (initial active 8) (4 cores per cpu, 2 threads per core) family 6 model 126 stepping 5 microcode 0xa6, cx8, cmov, fxsr, ht, mmx, 3dnowpref, sse, sse2, sse3, ssse3, sse4.1, sse4.2, popcnt, lzcnt, tsc, tscinvbit, avx, avx2, aes, erms, clmul, bmi1, bmi2, adx, avx512f, avx512dq, avx512cd, avx512bw, avx512vl, sha, fma, vzeroupper, avx512_vpopcntdq, avx512_vpclmulqdq, avx512_vaes, avx512_vnni, clflush, clflushopt, avx512_vbmi2, avx512_vbmi, hv, rdtscp, rdpid, fsrm, gfni, avx512_bitalg, f16c, avx512_ifma
Processor Information for processor 0
  Max Mhz: 1201, Current Mhz: 1000, Mhz Limit: 1201
Processor Information for processor 1
  Max Mhz: 1201, Current Mhz: 1000, Mhz Limit: 1201
Processor Information for processor 2
  Max Mhz: 1201, Current Mhz: 1000, Mhz Limit: 1201
Processor Information for processor 3
  Max Mhz: 1201, Current Mhz: 1201, Mhz Limit: 1201
Processor Information for processor 4
  Max Mhz: 1201, Current Mhz: 1000, Mhz Limit: 1201
Processor Information for processor 5
  Max Mhz: 1201, Current Mhz: 1000, Mhz Limit: 1201
Processor Information for processor 6
  Max Mhz: 1201, Current Mhz: 1000, Mhz Limit: 1201
Processor Information for processor 7
  Max Mhz: 1201, Current Mhz: 1000, Mhz Limit: 1201

Memory: 4k page, system-wide physical 7997M (913M free)
TotalPageFile size 20514M (AvailPageFile size 3M)
current process WorkingSet (physical memory assigned to process): 10M, peak: 10M
current process commit charge ("private bytes"): 15M, peak: 16M

vm_info: Java HotSpot(TM) 64-Bit Server VM (21.0.2+13-LTS-58) for windows-amd64 JRE (21.0.2+13-LTS-58), built on 2024-01-05T18:32:24Z by "mach5one" with MS VC++ 17.1 (VS2022)

END.
